Determining if the pthread_create exist failed with the following output:
Change Dir: /home/aastteam/Desktop/RCsim_3D/bases/utaustinvilla3d_base/build/CMakeFiles/CMakeTmp

Run Build Command:/usr/bin/make "cmTryCompileExec2579914927/fast"
/usr/bin/make -f CMakeFiles/cmTryCompileExec2579914927.dir/build.make CMakeFiles/cmTryCompileExec2579914927.dir/build
make[1]: Entering directory `/home/aastteam/Desktop/RCsim_3D/bases/utaustinvilla3d_base/build/CMakeFiles/CMakeTmp'
/usr/bin/cmake -E cmake_progress_report /home/aastteam/Desktop/RCsim_3D/bases/utaustinvilla3d_base/build/CMakeFiles/CMakeTmp/CMakeFiles 1
Building C object CMakeFiles/cmTryCompileExec2579914927.dir/CheckSymbolExists.c.o
/usr/bin/cc    -o CMakeFiles/cmTryCompileExec2579914927.dir/CheckSymbolExists.c.o   -c /home/aastteam/Desktop/RCsim_3D/bases/utaustinvilla3d_base/build/CMakeFiles/CMakeTmp/CheckSymbolExists.c
Linking C executable cmTryCompileExec2579914927
/usr/bin/cmake -E cmake_link_script CMakeFiles/cmTryCompileExec2579914927.dir/link.txt --verbose=1
/usr/bin/cc       CMakeFiles/cmTryCompileExec2579914927.dir/CheckSymbolExists.c.o  -o cmTryCompileExec2579914927 -rdynamic 
CMakeFiles/cmTryCompileExec2579914927.dir/CheckSymbolExists.c.o: In function `main':
CheckSymbolExists.c:(.text+0x16): undefined reference to `pthread_create'
collect2: error: ld returned 1 exit status
make[1]: Leaving directory `/home/aastteam/Desktop/RCsim_3D/bases/utaustinvilla3d_base/build/CMakeFiles/CMakeTmp'
make[1]: *** [cmTryCompileExec2579914927] Error 1
make: *** [cmTryCompileExec2579914927/fast] Error 2

File /home/aastteam/Desktop/RCsim_3D/bases/utaustinvilla3d_base/build/CMakeFiles/CMakeTmp/CheckSymbolExists.c:
/* */
#include <pthread.h>

int main(int argc, char** argv)
{
  (void)argv;
#ifndef pthread_create
  return ((int*)(&pthread_create))[argc];
#else
  (void)argc;
  return 0;
#endif
}

Determining if the function pthread_create exists in the pthreads failed with the following output:
Change Dir: /home/aastteam/Desktop/RCsim_3D/bases/utaustinvilla3d_base/build/CMakeFiles/CMakeTmp

Run Build Command:/usr/bin/make "cmTryCompileExec110182139/fast"
/usr/bin/make -f CMakeFiles/cmTryCompileExec110182139.dir/build.make CMakeFiles/cmTryCompileExec110182139.dir/build
make[1]: Entering directory `/home/aastteam/Desktop/RCsim_3D/bases/utaustinvilla3d_base/build/CMakeFiles/CMakeTmp'
/usr/bin/cmake -E cmake_progress_report /home/aastteam/Desktop/RCsim_3D/bases/utaustinvilla3d_base/build/CMakeFiles/CMakeTmp/CMakeFiles 1
Building C object CMakeFiles/cmTryCompileExec110182139.dir/CheckFunctionExists.c.o
/usr/bin/cc   -DCHECK_FUNCTION_EXISTS=pthread_create   -o CMakeFiles/cmTryCompileExec110182139.dir/CheckFunctionExists.c.o   -c /usr/share/cmake-2.8/Modules/CheckFunctionExists.c
Linking C executable cmTryCompileExec110182139
/usr/bin/cmake -E cmake_link_script CMakeFiles/cmTryCompileExec110182139.dir/link.txt --verbose=1
/usr/bin/cc   -DCHECK_FUNCTION_EXISTS=pthread_create    CMakeFiles/cmTryCompileExec110182139.dir/CheckFunctionExists.c.o  -o cmTryCompileExec110182139 -rdynamic -lpthreads 
/usr/bin/ld: cannot find -lpthreads
collect2: error: ld returned 1 exit status
make[1]: *** [cmTryCompileExec110182139] Error 1
make[1]: Leaving directory `/home/aastteam/Desktop/RCsim_3D/bases/utaustinvilla3d_base/build/CMakeFiles/CMakeTmp'
make: *** [cmTryCompileExec110182139/fast] Error 2


