Determining if the pthread_create exist failed with the following output:
Change Dir: /home/aastteam/Desktop/RCsim_3D/bases/utaustinvilla3d_base/cmake/CMakeFiles/CMakeTmp

Run Build Command:/usr/bin/make "cmTryCompileExec1234915759/fast"
/usr/bin/make -f CMakeFiles/cmTryCompileExec1234915759.dir/build.make CMakeFiles/cmTryCompileExec1234915759.dir/build
make[1]: Entering directory `/home/aastteam/Desktop/RCsim_3D/bases/utaustinvilla3d_base/cmake/CMakeFiles/CMakeTmp'
/usr/bin/cmake -E cmake_progress_report /home/aastteam/Desktop/RCsim_3D/bases/utaustinvilla3d_base/cmake/CMakeFiles/CMakeTmp/CMakeFiles 1
Building C object CMakeFiles/cmTryCompileExec1234915759.dir/CheckSymbolExists.c.o
/usr/bin/cc    -o CMakeFiles/cmTryCompileExec1234915759.dir/CheckSymbolExists.c.o   -c /home/aastteam/Desktop/RCsim_3D/bases/utaustinvilla3d_base/cmake/CMakeFiles/CMakeTmp/CheckSymbolExists.c
Linking C executable cmTryCompileExec1234915759
/usr/bin/cmake -E cmake_link_script CMakeFiles/cmTryCompileExec1234915759.dir/link.txt --verbose=1
/usr/bin/cc       CMakeFiles/cmTryCompileExec1234915759.dir/CheckSymbolExists.c.o  -o cmTryCompileExec1234915759 -rdynamic 
CMakeFiles/cmTryCompileExec1234915759.dir/CheckSymbolExists.c.o: In function `main':
CheckSymbolExists.c:(.text+0x16): undefined reference to `pthread_create'
collect2: error: ld returned 1 exit status
make[1]: *** [cmTryCompileExec1234915759] Error 1
make[1]: Leaving directory `/home/aastteam/Desktop/RCsim_3D/bases/utaustinvilla3d_base/cmake/CMakeFiles/CMakeTmp'
make: *** [cmTryCompileExec1234915759/fast] Error 2

File /home/aastteam/Desktop/RCsim_3D/bases/utaustinvilla3d_base/cmake/CMakeFiles/CMakeTmp/CheckSymbolExists.c:
/* */
#include <pthread.h>

int main(int argc, char** argv)
{
  (void)argv;
#ifndef pthread_create
  return ((int*)(&pthread_create))[argc];
#else
  (void)argc;
  return 0;
#endif
}

Determining if the function pthread_create exists in the pthreads failed with the following output:
Change Dir: /home/aastteam/Desktop/RCsim_3D/bases/utaustinvilla3d_base/cmake/CMakeFiles/CMakeTmp

Run Build Command:/usr/bin/make "cmTryCompileExec457046205/fast"
/usr/bin/make -f CMakeFiles/cmTryCompileExec457046205.dir/build.make CMakeFiles/cmTryCompileExec457046205.dir/build
make[1]: Entering directory `/home/aastteam/Desktop/RCsim_3D/bases/utaustinvilla3d_base/cmake/CMakeFiles/CMakeTmp'
/usr/bin/cmake -E cmake_progress_report /home/aastteam/Desktop/RCsim_3D/bases/utaustinvilla3d_base/cmake/CMakeFiles/CMakeTmp/CMakeFiles 1
Building C object CMakeFiles/cmTryCompileExec457046205.dir/CheckFunctionExists.c.o
/usr/bin/cc   -DCHECK_FUNCTION_EXISTS=pthread_create   -o CMakeFiles/cmTryCompileExec457046205.dir/CheckFunctionExists.c.o   -c /usr/share/cmake-2.8/Modules/CheckFunctionExists.c
Linking C executable cmTryCompileExec457046205
/usr/bin/cmake -E cmake_link_script CMakeFiles/cmTryCompileExec457046205.dir/link.txt --verbose=1
/usr/bin/cc   -DCHECK_FUNCTION_EXISTS=pthread_create    CMakeFiles/cmTryCompileExec457046205.dir/CheckFunctionExists.c.o  -o cmTryCompileExec457046205 -rdynamic -lpthreads 
/usr/bin/ld: cannot find -lpthreads
collect2: error: ld returned 1 exit status
make[1]: Leaving directory `/home/aastteam/Desktop/RCsim_3D/bases/utaustinvilla3d_base/cmake/CMakeFiles/CMakeTmp'
make[1]: *** [cmTryCompileExec457046205] Error 1
make: *** [cmTryCompileExec457046205/fast] Error 2


